<?xml version="1.0" encoding="UTF-8"?>
<testsuite name="fr.offsec.domain.UserTest" time="0.008" tests="1" errors="0" skipped="0" failures="1">
  <properties>
[...]
</properties>
  <testcase name="test" classname="fr.offsec.domain.UserTest" time="0.008">
    <failure message="Not yet implemented" type="java.lang.AssertionError">java.lang.AssertionError: Not yet implemented
	at org.junit.Assert.fail(Assert.java:88)
	at fr.offsec.domain.UserTest.test(UserTest.java:11)
</failure>
    <system-out><![CDATA[23:28:30.083 [main] DEBUG org.springframework.test.context.junit4.SpringJUnit4ClassRunner - SpringJUnit4ClassRunner constructor called with [class fr.offsec.OffsecApplicationTests]
23:28:30.097 [main] DEBUG org.springframework.test.context.BootstrapUtils - Instantiating CacheAwareContextLoaderDelegate from class [org.springframework.test.context.cache.DefaultCacheAwareContextLoaderDelegate]
23:28:30.109 [main] DEBUG org.springframework.test.context.BootstrapUtils - Instantiating BootstrapContext using constructor [public org.springframework.test.context.support.DefaultBootstrapContext(java.lang.Class,org.springframework.test.context.CacheAwareContextLoaderDelegate)]
23:28:30.137 [main] DEBUG org.springframework.test.context.BootstrapUtils - Instantiating TestContextBootstrapper for test class [fr.offsec.OffsecApplicationTests] from class [org.springframework.boot.test.context.SpringBootTestContextBootstrapper]
23:28:30.159 [main] INFO org.springframework.boot.test.context.SpringBootTestContextBootstrapper - Neither @ContextConfiguration nor @ContextHierarchy found for test class [fr.offsec.OffsecApplicationTests], using SpringBootContextLoader
23:28:30.166 [main] DEBUG org.springframework.test.context.support.AbstractContextLoader - Did not detect default resource location for test class [fr.offsec.OffsecApplicationTests]: class path resource [fr/offsec/OffsecApplicationTests-context.xml] does not exist
23:28:30.168 [main] DEBUG org.springframework.test.context.support.AbstractContextLoader - Did not detect default resource location for test class [fr.offsec.OffsecApplicationTests]: class path resource [fr/offsec/OffsecApplicationTestsContext.groovy] does not exist
23:28:30.168 [main] INFO org.springframework.test.context.support.AbstractContextLoader - Could not detect default resource locations for test class [fr.offsec.OffsecApplicationTests]: no resource found for suffixes {-context.xml, Context.groovy}.
23:28:30.170 [main] INFO org.springframework.test.context.support.AnnotationConfigContextLoaderUtils - Could not detect default configuration classes for test class [fr.offsec.OffsecApplicationTests]: OffsecApplicationTests does not declare any static, non-private, non-final, nested classes annotated with @Configuration.
23:28:30.260 [main] DEBUG org.springframework.test.context.support.ActiveProfilesUtils - Could not find an 'annotation declaring class' for annotation type [org.springframework.test.context.ActiveProfiles] and class [fr.offsec.OffsecApplicationTests]
23:28:30.283 [main] DEBUG org.springframework.core.env.StandardEnvironment - Adding PropertySource 'systemProperties' with lowest search precedence
23:28:30.285 [main] DEBUG org.springframework.core.env.StandardEnvironment - Adding PropertySource 'systemEnvironment' with lowest search precedence
23:28:30.291 [main] DEBUG org.springframework.core.env.StandardEnvironment - Initialized StandardEnvironment with PropertySources [MapPropertySource@1431467659 {name='systemProperties', properties={sun.desktop=gnome, awt.toolkit=sun.awt.X11.XToolkit, java.specification.version=10, file.encoding.pkg=sun.io, sun.cpu.isalist=, sun.jnu.encoding=UTF-8, java.class.path=/home/raziel/Bureau/offensive seconsole/offsec/target/test-classes:/home/raziel/Bureau/offensive seconsole/offsec/target/classes:/home/raziel/.m2/repository/org/springframework/boot/spring-boot-starter-data-jpa/1.5.19.BUILD-SNAPSHOT/spring-boot-starter-data-jpa-1.5.19.BUILD-SNAPSHOT.jar:/home/raziel/.m2/repository/org/springframework/boot/spring-boot-starter/1.5.19.BUILD-SNAPSHOT/spring-boot-starter-1.5.19.BUILD-SNAPSHOT.jar:/home/raziel/.m2/repository/org/springframework/boot/spring-boot/1.5.19.BUILD-SNAPSHOT/spring-boot-1.5.19.BUILD-SNAPSHOT.jar:/home/raziel/.m2/repository/org/springframework/boot/spring-boot-autoconfigure/1.5.19.BUILD-SNAPSHOT/spring-boot-autoconfigure-1.5.19.BUILD-SNAPSHOT.jar:/home/raziel/.m2/repository/org/springframework/boot/spring-boot-starter-logging/1.5.19.BUILD-SNAPSHOT/spring-boot-starter-logging-1.5.19.BUILD-SNAPSHOT.jar:/home/raziel/.m2/repository/ch/qos/logback/logback-classic/1.1.11/logback-classic-1.1.11.jar:/home/raziel/.m2/repository/ch/qos/logback/logback-core/1.1.11/logback-core-1.1.11.jar:/home/raziel/.m2/repository/org/slf4j/jul-to-slf4j/1.7.25/jul-to-slf4j-1.7.25.jar:/home/raziel/.m2/repository/org/slf4j/log4j-over-slf4j/1.7.25/log4j-over-slf4j-1.7.25.jar:/home/raziel/.m2/repository/org/yaml/snakeyaml/1.17/snakeyaml-1.17.jar:/home/raziel/.m2/repository/org/springframework/boot/spring-boot-starter-aop/1.5.19.BUILD-SNAPSHOT/spring-boot-starter-aop-1.5.19.BUILD-SNAPSHOT.jar:/home/raziel/.m2/repository/org/springframework/spring-aop/4.3.22.RELEASE/spring-aop-4.3.22.RELEASE.jar:/home/raziel/.m2/repository/org/aspectj/aspectjweaver/1.8.13/aspectjweaver-1.8.13.jar:/home/raziel/.m2/repository/org/springframework/boot/spring-boot-starter-jdbc/1.5.19.BUILD-SNAPSHOT/spring-boot-starter-jdbc-1.5.19.BUILD-SNAPSHOT.jar:/home/raziel/.m2/repository/org/apache/tomcat/tomcat-jdbc/8.5.37/tomcat-jdbc-8.5.37.jar:/home/raziel/.m2/repository/org/apache/tomcat/tomcat-juli/8.5.37/tomcat-juli-8.5.37.jar:/home/raziel/.m2/repository/org/springframework/spring-jdbc/4.3.22.RELEASE/spring-jdbc-4.3.22.RELEASE.jar:/home/raziel/.m2/repository/org/hibernate/hibernate-core/5.0.12.Final/hibernate-core-5.0.12.Final.jar:/home/raziel/.m2/repository/org/jboss/logging/jboss-logging/3.3.2.Final/jboss-logging-3.3.2.Final.jar:/home/raziel/.m2/repository/org/hibernate/javax/persistence/hibernate-jpa-2.1-api/1.0.0.Final/hibernate-jpa-2.1-api-1.0.0.Final.jar:/home/raziel/.m2/repository/org/javassist/javassist/3.21.0-GA/javassist-3.21.0-GA.jar:/home/raziel/.m2/repository/antlr/antlr/2.7.7/antlr-2.7.7.jar:/home/raziel/.m2/repository/org/jboss/jandex/2.0.0.Final/jandex-2.0.0.Final.jar:/home/raziel/.m2/repository/dom4j/dom4j/1.6.1/dom4j-1.6.1.jar:/home/raziel/.m2/repository/org/hibernate/common/hibernate-commons-annotations/5.0.1.Final/hibernate-commons-annotations-5.0.1.Final.jar:/home/raziel/.m2/repository/org/hibernate/hibernate-entitymanager/5.0.12.Final/hibernate-entitymanager-5.0.12.Final.jar:/home/raziel/.m2/repository/javax/transaction/javax.transaction-api/1.2/javax.transaction-api-1.2.jar:/home/raziel/.m2/repository/org/springframework/data/spring-data-jpa/1.11.18.RELEASE/spring-data-jpa-1.11.18.RELEASE.jar:/home/raziel/.m2/repository/org/springframework/data/spring-data-commons/1.13.18.RELEASE/spring-data-commons-1.13.18.RELEASE.jar:/home/raziel/.m2/repository/org/springframework/spring-orm/4.3.22.RELEASE/spring-orm-4.3.22.RELEASE.jar:/home/raziel/.m2/repository/org/springframework/spring-context/4.3.22.RELEASE/spring-context-4.3.22.RELEASE.jar:/home/raziel/.m2/repository/org/springframework/spring-tx/4.3.22.RELEASE/spring-tx-4.3.22.RELEASE.jar:/home/raziel/.m2/repository/org/springframework/spring-beans/4.3.22.RELEASE/spring-beans-4.3.22.RELEASE.jar:/home/raziel/.m2/repository/org/slf4j/jcl-over-slf4j/1.7.25/jcl-over-slf4j-1.7.25.jar:/home/raziel/.m2/repository/org/springframework/spring-aspects/4.3.22.RELEASE/spring-aspects-4.3.22.RELEASE.jar:/home/raziel/.m2/repository/org/mindrot/jbcrypt/0.3m/jbcrypt-0.3m.jar:/home/raziel/.m2/repository/org/springframework/boot/spring-boot-starter-web/1.5.19.BUILD-SNAPSHOT/spring-boot-starter-web-1.5.19.BUILD-SNAPSHOT.jar:/home/raziel/.m2/repository/org/springframework/boot/spring-boot-starter-tomcat/1.5.19.BUILD-SNAPSHOT/spring-boot-starter-tomcat-1.5.19.BUILD-SNAPSHOT.jar:/home/raziel/.m2/repository/org/apache/tomcat/embed/tomcat-embed-core/8.5.37/tomcat-embed-core-8.5.37.jar:/home/raziel/.m2/repository/org/apache/tomcat/tomcat-annotations-api/8.5.37/tomcat-annotations-api-8.5.37.jar:/home/raziel/.m2/repository/org/apache/tomcat/embed/tomcat-embed-el/8.5.37/tomcat-embed-el-8.5.37.jar:/home/raziel/.m2/repository/org/apache/tomcat/embed/tomcat-embed-websocket/8.5.37/tomcat-embed-websocket-8.5.37.jar:/home/raziel/.m2/repository/org/hibernate/hibernate-validator/5.3.6.Final/hibernate-validator-5.3.6.Final.jar:/home/raziel/.m2/repository/javax/validation/validation-api/1.1.0.Final/validation-api-1.1.0.Final.jar:/home/raziel/.m2/repository/com/fasterxml/jackson/core/jackson-databind/2.8.11.3/jackson-databind-2.8.11.3.jar:/home/raziel/.m2/repository/org/springframework/spring-web/4.3.22.RELEASE/spring-web-4.3.22.RELEASE.jar:/home/raziel/.m2/repository/org/springframework/spring-webmvc/4.3.22.RELEASE/spring-webmvc-4.3.22.RELEASE.jar:/home/raziel/.m2/repository/org/springframework/spring-expression/4.3.22.RELEASE/spring-expression-4.3.22.RELEASE.jar:/home/raziel/.m2/repository/com/fasterxml/jackson/dataformat/jackson-dataformat-xml/2.8.11/jackson-dataformat-xml-2.8.11.jar:/home/raziel/.m2/repository/com/fasterxml/jackson/core/jackson-core/2.8.11/jackson-core-2.8.11.jar:/home/raziel/.m2/repository/com/fasterxml/jackson/core/jackson-annotations/2.8.0/jackson-annotations-2.8.0.jar:/home/raziel/.m2/repository/com/fasterxml/jackson/module/jackson-module-jaxb-annotations/2.8.11/jackson-module-jaxb-annotations-2.8.11.jar:/home/raziel/.m2/repository/org/codehaus/woodstox/stax2-api/3.1.4/stax2-api-3.1.4.jar:/home/raziel/.m2/repository/com/fasterxml/woodstox/woodstox-core/5.0.3/woodstox-core-5.0.3.jar:/home/raziel/.m2/repository/com/fasterxml/jackson/datatype/jackson-datatype-jsr310/2.8.11/jackson-datatype-jsr310-2.8.11.jar:/home/raziel/.m2/repository/mysql/mysql-connector-java/5.1.47/mysql-connector-java-5.1.47.jar:/home/raziel/.m2/repository/org/springframework/boot/spring-boot-starter-test/1.5.19.BUILD-SNAPSHOT/spring-boot-starter-test-1.5.19.BUILD-SNAPSHOT.jar:/home/raziel/.m2/repository/org/springframework/boot/spring-boot-test/1.5.19.BUILD-SNAPSHOT/spring-boot-test-1.5.19.BUILD-SNAPSHOT.jar:/home/raziel/.m2/repository/org/springframework/boot/spring-boot-test-autoconfigure/1.5.19.BUILD-SNAPSHOT/spring-boot-test-autoconfigure-1.5.19.BUILD-SNAPSHOT.jar:/home/raziel/.m2/repository/com/jayway/jsonpath/json-path/2.2.0/json-path-2.2.0.jar:/home/raziel/.m2/repository/net/minidev/json-smart/2.2.1/json-smart-2.2.1.jar:/home/raziel/.m2/repository/net/minidev/accessors-smart/1.1/accessors-smart-1.1.jar:/home/raziel/.m2/repository/org/ow2/asm/asm/5.0.3/asm-5.0.3.jar:/home/raziel/.m2/repository/junit/junit/4.12/junit-4.12.jar:/home/raziel/.m2/repository/org/assertj/assertj-core/2.6.0/assertj-core-2.6.0.jar:/home/raziel/.m2/repository/org/mockito/mockito-core/1.10.19/mockito-core-1.10.19.jar:/home/raziel/.m2/repository/org/objenesis/objenesis/2.1/objenesis-2.1.jar:/home/raziel/.m2/repository/org/hamcrest/hamcrest-core/1.3/hamcrest-core-1.3.jar:/home/raziel/.m2/repository/org/hamcrest/hamcrest-library/1.3/hamcrest-library-1.3.jar:/home/raziel/.m2/repository/org/skyscreamer/jsonassert/1.4.0/jsonassert-1.4.0.jar:/home/raziel/.m2/repository/com/vaadin/external/google/android-json/0.0.20131108.vaadin1/android-json-0.0.20131108.vaadin1.jar:/home/raziel/.m2/repository/org/springframework/spring-core/4.3.22.RELEASE/spring-core-4.3.22.RELEASE.jar:/home/raziel/.m2/repository/org/springframework/spring-test/4.3.22.RELEASE/spring-test-4.3.22.RELEASE.jar:/home/raziel/.m2/repository/io/springfox/springfox-swagger2/2.9.2/springfox-swagger2-2.9.2.jar:/home/raziel/.m2/repository/io/swagger/swagger-annotations/1.5.20/swagger-annotations-1.5.20.jar:/home/raziel/.m2/repository/io/swagger/swagger-models/1.5.20/swagger-models-1.5.20.jar:/home/raziel/.m2/repository/io/springfox/springfox-spi/2.9.2/springfox-spi-2.9.2.jar:/home/raziel/.m2/repository/io/springfox/springfox-core/2.9.2/springfox-core-2.9.2.jar:/home/raziel/.m2/repository/net/bytebuddy/byte-buddy/1.8.12/byte-buddy-1.8.12.jar:/home/raziel/.m2/repository/io/springfox/springfox-schema/2.9.2/springfox-schema-2.9.2.jar:/home/raziel/.m2/repository/io/springfox/springfox-swagger-common/2.9.2/springfox-swagger-common-2.9.2.jar:/home/raziel/.m2/repository/io/springfox/springfox-spring-web/2.9.2/springfox-spring-web-2.9.2.jar:/home/raziel/.m2/repository/com/google/guava/guava/20.0/guava-20.0.jar:/home/raziel/.m2/repository/com/fasterxml/classmate/1.3.4/classmate-1.3.4.jar:/home/raziel/.m2/repository/org/slf4j/slf4j-api/1.7.25/slf4j-api-1.7.25.jar:/home/raziel/.m2/repository/org/springframework/plugin/spring-plugin-core/1.2.0.RELEASE/spring-plugin-core-1.2.0.RELEASE.jar:/home/raziel/.m2/repository/org/springframework/plugin/spring-plugin-metadata/1.2.0.RELEASE/spring-plugin-metadata-1.2.0.RELEASE.jar:/home/raziel/.m2/repository/org/mapstruct/mapstruct/1.2.0.Final/mapstruct-1.2.0.Final.jar:/home/raziel/.m2/repository/org/springframework/restdocs/spring-restdocs-mockmvc/1.1.3.RELEASE/spring-restdocs-mockmvc-1.1.3.RELEASE.jar:/home/raziel/.m2/repository/org/springframework/restdocs/spring-restdocs-core/1.1.3.RELEASE/spring-restdocs-core-1.1.3.RELEASE.jar:/home/raziel/.m2/repository/javax/servlet/javax.servlet-api/3.1.0/javax.servlet-api-3.1.0.jar:, java.vm.vendor=Oracle Corporation, sun.arch.data.model=64, java.vendor.url=http://java.oracle.com/, user.timezone=Europe/Paris, os.name=Linux, java.vm.specification.version=10, sun.java.launcher=SUN_STANDARD, user.country=FR, sun.boot.library.path=/usr/lib/jvm/java-11-openjdk-amd64/lib, sun.java.command=/home/raziel/Bureau/offensive seconsole/offsec/target/surefire/surefirebooter3637930793895236401.jar /home/raziel/Bureau/offensive seconsole/offsec/target/surefire/surefire5313803203713570389tmp /home/raziel/Bureau/offensive seconsole/offsec/target/surefire/surefire_09800224333076932408tmp, jdk.debug=release, surefire.test.class.path=/home/raziel/Bureau/offensive seconsole/offsec/target/test-classes:/home/raziel/Bureau/offensive seconsole/offsec/target/classes:/home/raziel/.m2/repository/org/springframework/boot/spring-boot-starter-data-jpa/1.5.19.BUILD-SNAPSHOT/spring-boot-starter-data-jpa-1.5.19.BUILD-SNAPSHOT.jar:/home/raziel/.m2/repository/org/springframework/boot/spring-boot-starter/1.5.19.BUILD-SNAPSHOT/spring-boot-starter-1.5.19.BUILD-SNAPSHOT.jar:/home/raziel/.m2/repository/org/springframework/boot/spring-boot/1.5.19.BUILD-SNAPSHOT/spring-boot-1.5.19.BUILD-SNAPSHOT.jar:/home/raziel/.m2/repository/org/springframework/boot/spring-boot-autoconfigure/1.5.19.BUILD-SNAPSHOT/spring-boot-autoconfigure-1.5.19.BUILD-SNAPSHOT.jar:/home/raziel/.m2/repository/org/springframework/boot/spring-boot-starter-logging/1.5.19.BUILD-SNAPSHOT/spring-boot-starter-logging-1.5.19.BUILD-SNAPSHOT.jar:/home/raziel/.m2/repository/ch/qos/logback/logback-classic/1.1.11/logback-classic-1.1.11.jar:/home/raziel/.m2/repository/ch/qos/logback/logback-core/1.1.11/logback-core-1.1.11.jar:/home/raziel/.m2/repository/org/slf4j/jul-to-slf4j/1.7.25/jul-to-slf4j-1.7.25.jar:/home/raziel/.m2/repository/org/slf4j/log4j-over-slf4j/1.7.25/log4j-over-slf4j-1.7.25.jar:/home/raziel/.m2/repository/org/yaml/snakeyaml/1.17/snakeyaml-1.17.jar:/home/raziel/.m2/repository/org/springframework/boot/spring-boot-starter-aop/1.5.19.BUILD-SNAPSHOT/spring-boot-starter-aop-1.5.19.BUILD-SNAPSHOT.jar:/home/raziel/.m2/repository/org/springframework/spring-aop/4.3.22.RELEASE/spring-aop-4.3.22.RELEASE.jar:/home/raziel/.m2/repository/org/aspectj/aspectjweaver/1.8.13/aspectjweaver-1.8.13.jar:/home/raziel/.m2/repository/org/springframework/boot/spring-boot-starter-jdbc/1.5.19.BUILD-SNAPSHOT/spring-boot-starter-jdbc-1.5.19.BUILD-SNAPSHOT.jar:/home/raziel/.m2/repository/org/apache/tomcat/tomcat-jdbc/8.5.37/tomcat-jdbc-8.5.37.jar:/home/raziel/.m2/repository/org/apache/tomcat/tomcat-juli/8.5.37/tomcat-juli-8.5.37.jar:/home/raziel/.m2/repository/org/springframework/spring-jdbc/4.3.22.RELEASE/spring-jdbc-4.3.22.RELEASE.jar:/home/raziel/.m2/repository/org/hibernate/hibernate-core/5.0.12.Final/hibernate-core-5.0.12.Final.jar:/home/raziel/.m2/repository/org/jboss/logging/jboss-logging/3.3.2.Final/jboss-logging-3.3.2.Final.jar:/home/raziel/.m2/repository/org/hibernate/javax/persistence/hibernate-jpa-2.1-api/1.0.0.Final/hibernate-jpa-2.1-api-1.0.0.Final.jar:/home/raziel/.m2/repository/org/javassist/javassist/3.21.0-GA/javassist-3.21.0-GA.jar:/home/raziel/.m2/repository/antlr/antlr/2.7.7/antlr-2.7.7.jar:/home/raziel/.m2/repository/org/jboss/jandex/2.0.0.Final/jandex-2.0.0.Final.jar:/home/raziel/.m2/repository/dom4j/dom4j/1.6.1/dom4j-1.6.1.jar:/home/raziel/.m2/repository/org/hibernate/common/hibernate-commons-annotations/5.0.1.Final/hibernate-commons-annotations-5.0.1.Final.jar:/home/raziel/.m2/repository/org/hibernate/hibernate-entitymanager/5.0.12.Final/hibernate-entitymanager-5.0.12.Final.jar:/home/raziel/.m2/repository/javax/transaction/javax.transaction-api/1.2/javax.transaction-api-1.2.jar:/home/raziel/.m2/repository/org/springframework/data/spring-data-jpa/1.11.18.RELEASE/spring-data-jpa-1.11.18.RELEASE.jar:/home/raziel/.m2/repository/org/springframework/data/spring-data-commons/1.13.18.RELEASE/spring-data-commons-1.13.18.RELEASE.jar:/home/raziel/.m2/repository/org/springframework/spring-orm/4.3.22.RELEASE/spring-orm-4.3.22.RELEASE.jar:/home/raziel/.m2/repository/org/springframework/spring-context/4.3.22.RELEASE/spring-context-4.3.22.RELEASE.jar:/home/raziel/.m2/repository/org/springframework/spring-tx/4.3.22.RELEASE/spring-tx-4.3.22.RELEASE.jar:/home/raziel/.m2/repository/org/springframework/spring-beans/4.3.22.RELEASE/spring-beans-4.3.22.RELEASE.jar:/home/raziel/.m2/repository/org/slf4j/jcl-over-slf4j/1.7.25/jcl-over-slf4j-1.7.25.jar:/home/raziel/.m2/repository/org/springframework/spring-aspects/4.3.22.RELEASE/spring-aspects-4.3.22.RELEASE.jar:/home/raziel/.m2/repository/org/mindrot/jbcrypt/0.3m/jbcrypt-0.3m.jar:/home/raziel/.m2/repository/org/springframework/boot/spring-boot-starter-web/1.5.19.BUILD-SNAPSHOT/spring-boot-starter-web-1.5.19.BUILD-SNAPSHOT.jar:/home/raziel/.m2/repository/org/springframework/boot/spring-boot-starter-tomcat/1.5.19.BUILD-SNAPSHOT/spring-boot-starter-tomcat-1.5.19.BUILD-SNAPSHOT.jar:/home/raziel/.m2/repository/org/apache/tomcat/embed/tomcat-embed-core/8.5.37/tomcat-embed-core-8.5.37.jar:/home/raziel/.m2/repository/org/apache/tomcat/tomcat-annotations-api/8.5.37/tomcat-annotations-api-8.5.37.jar:/home/raziel/.m2/repository/org/apache/tomcat/embed/tomcat-embed-el/8.5.37/tomcat-embed-el-8.5.37.jar:/home/raziel/.m2/repository/org/apache/tomcat/embed/tomcat-embed-websocket/8.5.37/tomcat-embed-websocket-8.5.37.jar:/home/raziel/.m2/repository/org/hibernate/hibernate-validator/5.3.6.Final/hibernate-validator-5.3.6.Final.jar:/home/raziel/.m2/repository/javax/validation/validation-api/1.1.0.Final/validation-api-1.1.0.Final.jar:/home/raziel/.m2/repository/com/fasterxml/jackson/core/jackson-databind/2.8.11.3/jackson-databind-2.8.11.3.jar:/home/raziel/.m2/repository/org/springframework/spring-web/4.3.22.RELEASE/spring-web-4.3.22.RELEASE.jar:/home/raziel/.m2/repository/org/springframework/spring-webmvc/4.3.22.RELEASE/spring-webmvc-4.3.22.RELEASE.jar:/home/raziel/.m2/repository/org/springframework/spring-expression/4.3.22.RELEASE/spring-expression-4.3.22.RELEASE.jar:/home/raziel/.m2/repository/com/fasterxml/jackson/dataformat/jackson-dataformat-xml/2.8.11/jackson-dataformat-xml-2.8.11.jar:/home/raziel/.m2/repository/com/fasterxml/jackson/core/jackson-core/2.8.11/jackson-core-2.8.11.jar:/home/raziel/.m2/repository/com/fasterxml/jackson/core/jackson-annotations/2.8.0/jackson-annotations-2.8.0.jar:/home/raziel/.m2/repository/com/fasterxml/jackson/module/jackson-module-jaxb-annotations/2.8.11/jackson-module-jaxb-annotations-2.8.11.jar:/home/raziel/.m2/repository/org/codehaus/woodstox/stax2-api/3.1.4/stax2-api-3.1.4.jar:/home/raziel/.m2/repository/com/fasterxml/woodstox/woodstox-core/5.0.3/woodstox-core-5.0.3.jar:/home/raziel/.m2/repository/com/fasterxml/jackson/datatype/jackson-datatype-jsr310/2.8.11/jackson-datatype-jsr310-2.8.11.jar:/home/raziel/.m2/repository/mysql/mysql-connector-java/5.1.47/mysql-connector-java-5.1.47.jar:/home/raziel/.m2/repository/org/springframework/boot/spring-boot-starter-test/1.5.19.BUILD-SNAPSHOT/spring-boot-starter-test-1.5.19.BUILD-SNAPSHOT.jar:/home/raziel/.m2/repository/org/springframework/boot/spring-boot-test/1.5.19.BUILD-SNAPSHOT/spring-boot-test-1.5.19.BUILD-SNAPSHOT.jar:/home/raziel/.m2/repository/org/springframework/boot/spring-boot-test-autoconfigure/1.5.19.BUILD-SNAPSHOT/spring-boot-test-autoconfigure-1.5.19.BUILD-SNAPSHOT.jar:/home/raziel/.m2/repository/com/jayway/jsonpath/json-path/2.2.0/json-path-2.2.0.jar:/home/raziel/.m2/repository/net/minidev/json-smart/2.2.1/json-smart-2.2.1.jar:/home/raziel/.m2/repository/net/minidev/accessors-smart/1.1/accessors-smart-1.1.jar:/home/raziel/.m2/repository/org/ow2/asm/asm/5.0.3/asm-5.0.3.jar:/home/raziel/.m2/repository/junit/junit/4.12/junit-4.12.jar:/home/raziel/.m2/repository/org/assertj/assertj-core/2.6.0/assertj-core-2.6.0.jar:/home/raziel/.m2/repository/org/mockito/mockito-core/1.10.19/mockito-core-1.10.19.jar:/home/raziel/.m2/repository/org/objenesis/objenesis/2.1/objenesis-2.1.jar:/home/raziel/.m2/repository/org/hamcrest/hamcrest-core/1.3/hamcrest-core-1.3.jar:/home/raziel/.m2/repository/org/hamcrest/hamcrest-library/1.3/hamcrest-library-1.3.jar:/home/raziel/.m2/repository/org/skyscreamer/jsonassert/1.4.0/jsonassert-1.4.0.jar:/home/raziel/.m2/repository/com/vaadin/external/google/android-json/0.0.20131108.vaadin1/android-json-0.0.20131108.vaadin1.jar:/home/raziel/.m2/repository/org/springframework/spring-core/4.3.22.RELEASE/spring-core-4.3.22.RELEASE.jar:/home/raziel/.m2/repository/org/springframework/spring-test/4.3.22.RELEASE/spring-test-4.3.22.RELEASE.jar:/home/raziel/.m2/repository/io/springfox/springfox-swagger2/2.9.2/springfox-swagger2-2.9.2.jar:/home/raziel/.m2/repository/io/swagger/swagger-annotations/1.5.20/swagger-annotations-1.5.20.jar:/home/raziel/.m2/repository/io/swagger/swagger-models/1.5.20/swagger-models-1.5.20.jar:/home/raziel/.m2/repository/io/springfox/springfox-spi/2.9.2/springfox-spi-2.9.2.jar:/home/raziel/.m2/repository/io/springfox/springfox-core/2.9.2/springfox-core-2.9.2.jar:/home/raziel/.m2/repository/net/bytebuddy/byte-buddy/1.8.12/byte-buddy-1.8.12.jar:/home/raziel/.m2/repository/io/springfox/springfox-schema/2.9.2/springfox-schema-2.9.2.jar:/home/raziel/.m2/repository/io/springfox/springfox-swagger-common/2.9.2/springfox-swagger-common-2.9.2.jar:/home/raziel/.m2/repository/io/springfox/springfox-spring-web/2.9.2/springfox-spring-web-2.9.2.jar:/home/raziel/.m2/repository/com/google/guava/guava/20.0/guava-20.0.jar:/home/raziel/.m2/repository/com/fasterxml/classmate/1.3.4/classmate-1.3.4.jar:/home/raziel/.m2/repository/org/slf4j/slf4j-api/1.7.25/slf4j-api-1.7.25.jar:/home/raziel/.m2/repository/org/springframework/plugin/spring-plugin-core/1.2.0.RELEASE/spring-plugin-core-1.2.0.RELEASE.jar:/home/raziel/.m2/repository/org/springframework/plugin/spring-plugin-metadata/1.2.0.RELEASE/spring-plugin-metadata-1.2.0.RELEASE.jar:/home/raziel/.m2/repository/org/mapstruct/mapstruct/1.2.0.Final/mapstruct-1.2.0.Final.jar:/home/raziel/.m2/repository/org/springframework/restdocs/spring-restdocs-mockmvc/1.1.3.RELEASE/spring-restdocs-mockmvc-1.1.3.RELEASE.jar:/home/raziel/.m2/repository/org/springframework/restdocs/spring-restdocs-core/1.1.3.RELEASE/spring-restdocs-core-1.1.3.RELEASE.jar:/home/raziel/.m2/repository/javax/servlet/javax.servlet-api/3.1.0/javax.servlet-api-3.1.0.jar:, sun.cpu.endian=little, user.home=/home/raziel, user.language=fr, java.specification.vendor=Oracle Corporation, java.version.date=2018-07-17, java.home=/usr/lib/jvm/java-11-openjdk-amd64, file.separator=/, basedir=/home/raziel/Bureau/offensive seconsole/offsec, java.vm.compressedOopsMode=32-bit, line.separator=
, java.specification.name=Java Platform API Specification, java.vm.specification.vendor=Oracle Corporation, java.awt.graphicsenv=sun.awt.X11GraphicsEnvironment, surefire.real.class.path=/home/raziel/Bureau/offensive seconsole/offsec/target/surefire/surefirebooter3637930793895236401.jar, sun.management.compiler=HotSpot 64-Bit Tiered Compilers, java.runtime.version=10.0.2+13-Ubuntu-1ubuntu0.18.04.4, user.name=raziel, path.separator=:, os.version=4.15.0-43-generic, java.runtime.name=OpenJDK Runtime Environment, file.encoding=UTF-8, java.vm.name=OpenJDK 64-Bit Server VM, localRepository=/home/raziel/.m2/repository, java.vendor.url.bug=http://bugreport.java.com/bugreport/, java.io.tmpdir=/tmp, java.version=10.0.2, user.dir=/home/raziel/Bureau/offensive seconsole/offsec, os.arch=amd64, java.vm.specification.name=Java Virtual Machine Specification, java.awt.printerjob=sun.print.PSPrinterJob, sun.os.patch.level=unknown, java.library.path=/usr/java/packages/lib:/usr/lib/x86_64-linux-gnu/jni:/lib/x86_64-linux-gnu:/usr/lib/x86_64-linux-gnu:/usr/lib/jni:/lib:/usr/lib, java.vendor=Oracle Corporation, java.vm.info=mixed mode, java.vm.version=10.0.2+13-Ubuntu-1ubuntu0.18.04.4, sun.io.unicode.encoding=UnicodeLittle, java.class.version=54.0}}, SystemEnvironmentPropertySource@1016363973 {name='systemEnvironment', properties={PATH=/usr/local/sbin:/usr/local/bin:/usr/sbin:/usr/bin:/sbin:/bin:/usr/games:/usr/local/games:/snap/bin, XAUTHORITY=/run/user/1000/gdm/Xauthority, XMODIFIERS=@im=ibus, XDG_DATA_DIRS=/usr/share/ubuntu:/usr/local/share:/usr/share:/var/lib/snapd/desktop, GDMSESSION=ubuntu, MANDATORY_PATH=/usr/share/gconf/ubuntu.mandatory.path, TEXTDOMAINDIR=/usr/share/locale/, GTK_IM_MODULE=ibus, DBUS_SESSION_BUS_ADDRESS=unix:path=/run/user/1000/bus, DEFAULTS_PATH=/usr/share/gconf/ubuntu.default.path, XDG_CURRENT_DESKTOP=ubuntu:GNOME, SSH_AGENT_PID=1354, COLORTERM=truecolor, QT4_IM_MODULE=xim, SESSION_MANAGER=local/Schrodinger:@/tmp/.ICE-unix/1258,unix/Schrodinger:/tmp/.ICE-unix/1258, USERNAME=raziel, LOGNAME=raziel, PWD=/home/raziel/Bureau/offensive seconsole/offsec, IM_CONFIG_PHASE=2, GJS_DEBUG_TOPICS=JS ERROR;JS LOG, SHELL=/bin/bash, LESSOPEN=| /usr/bin/lesspipe %s, OLDPWD=/home/raziel/Bureau/offensive seconsole/offsec, GNOME_DESKTOP_SESSION_ID=this-is-deprecated, GNOME_TERMINAL_SCREEN=/org/gnome/Terminal/screen/c781c49b_4e5d_40ad_ae09_99c88bb5b090, GTK_MODULES=gail:atk-bridge, CLUTTER_IM_MODULE=xim, TEXTDOMAIN=im-config, LS_COLORS=rs=0:di=01;34:ln=01;36:mh=00:pi=40;33:so=01;35:do=01;35:bd=40;33;01:cd=40;33;01:or=40;31;01:mi=00:su=37;41:sg=30;43:ca=30;41:tw=30;42:ow=34;42:st=37;44:ex=01;32:*.tar=01;31:*.tgz=01;31:*.arc=01;31:*.arj=01;31:*.taz=01;31:*.lha=01;31:*.lz4=01;31:*.lzh=01;31:*.lzma=01;31:*.tlz=01;31:*.txz=01;31:*.tzo=01;31:*.t7z=01;31:*.zip=01;31:*.z=01;31:*.Z=01;31:*.dz=01;31:*.gz=01;31:*.lrz=01;31:*.lz=01;31:*.lzo=01;31:*.xz=01;31:*.zst=01;31:*.tzst=01;31:*.bz2=01;31:*.bz=01;31:*.tbz=01;31:*.tbz2=01;31:*.tz=01;31:*.deb=01;31:*.rpm=01;31:*.jar=01;31:*.war=01;31:*.ear=01;31:*.sar=01;31:*.rar=01;31:*.alz=01;31:*.ace=01;31:*.zoo=01;31:*.cpio=01;31:*.7z=01;31:*.rz=01;31:*.cab=01;31:*.wim=01;31:*.swm=01;31:*.dwm=01;31:*.esd=01;31:*.jpg=01;35:*.jpeg=01;35:*.mjpg=01;35:*.mjpeg=01;35:*.gif=01;35:*.bmp=01;35:*.pbm=01;35:*.pgm=01;35:*.ppm=01;35:*.tga=01;35:*.xbm=01;35:*.xpm=01;35:*.tif=01;35:*.tiff=01;35:*.png=01;35:*.svg=01;35:*.svgz=01;35:*.mng=01;35:*.pcx=01;35:*.mov=01;35:*.mpg=01;35:*.mpeg=01;35:*.m2v=01;35:*.mkv=01;35:*.webm=01;35:*.ogm=01;35:*.mp4=01;35:*.m4v=01;35:*.mp4v=01;35:*.vob=01;35:*.qt=01;35:*.nuv=01;35:*.wmv=01;35:*.asf=01;35:*.rm=01;35:*.rmvb=01;35:*.flc=01;35:*.avi=01;35:*.fli=01;35:*.flv=01;35:*.gl=01;35:*.dl=01;35:*.xcf=01;35:*.xwd=01;35:*.yuv=01;35:*.cgm=01;35:*.emf=01;35:*.ogv=01;35:*.ogx=01;35:*.aac=00;36:*.au=00;36:*.flac=00;36:*.m4a=00;36:*.mid=00;36:*.midi=00;36:*.mka=00;36:*.mp3=00;36:*.mpc=00;36:*.ogg=00;36:*.ra=00;36:*.wav=00;36:*.oga=00;36:*.opus=00;36:*.spx=00;36:*.xspf=00;36:, XDG_SESSION_DESKTOP=ubuntu, SHLVL=1, LESSCLOSE=/usr/bin/lesspipe %s %s, QT_IM_MODULE=xim, TERM=xterm-256color, XDG_CONFIG_DIRS=/etc/xdg/xdg-ubuntu:/etc/xdg, GNOME_TERMINAL_SERVICE=:1.276, LANG=fr_FR.UTF-8, XDG_SESSION_ID=2, XDG_SESSION_TYPE=x11, DISPLAY=:0, MAVEN_CMD_LINE_ARGS= clean verify, _=/usr/bin/mvn, GPG_AGENT_INFO=/run/user/1000/gnupg/S.gpg-agent:0:1, MAVEN_PROJECTBASEDIR=/home/raziel/Bureau/offensive seconsole/offsec, DESKTOP_SESSION=ubuntu, USER=raziel, XDG_MENU_PREFIX=gnome-, VTE_VERSION=5202, QT_ACCESSIBILITY=1, WINDOWPATH=2, GJS_DEBUG_OUTPUT=stderr, SSH_AUTH_SOCK=/run/user/1000/keyring/ssh, XDG_SEAT=seat0, GNOME_SHELL_SESSION_MODE=ubuntu, XDG_VTNR=2, XDG_RUNTIME_DIR=/run/user/1000, HOME=/home/raziel}}]
23:28:30.333 [main] DEBUG org.springframework.core.io.support.PathMatchingResourcePatternResolver - Resolved classpath location [fr/offsec/] to resources [URL [file:/home/raziel/Bureau/offensive%20seconsole/offsec/target/test-classes/fr/offsec/], URL [file:/home/raziel/Bureau/offensive%20seconsole/offsec/target/classes/fr/offsec/]]
23:28:30.336 [main] DEBUG org.springframework.core.io.support.PathMatchingResourcePatternResolver - Looking for matching resources in directory tree [/home/raziel/Bureau/offensive seconsole/offsec/target/test-classes/fr/offsec]
23:28:30.338 [main] DEBUG org.springframework.core.io.support.PathMatchingResourcePatternResolver - Searching directory [/home/raziel/Bureau/offensive seconsole/offsec/target/test-classes/fr/offsec] for files matching pattern [/home/raziel/Bureau/offensive seconsole/offsec/target/test-classes/fr/offsec/*.class]
23:28:30.350 [main] DEBUG org.springframework.core.io.support.PathMatchingResourcePatternResolver - Looking for matching resources in directory tree [/home/raziel/Bureau/offensive seconsole/offsec/target/classes/fr/offsec]
23:28:30.351 [main] DEBUG org.springframework.core.io.support.PathMatchingResourcePatternResolver - Searching directory [/home/raziel/Bureau/offensive seconsole/offsec/target/classes/fr/offsec] for files matching pattern [/home/raziel/Bureau/offensive seconsole/offsec/target/classes/fr/offsec/*.class]
23:28:30.360 [main] DEBUG org.springframework.core.io.support.PathMatchingResourcePatternResolver - Resolved location pattern [classpath*:fr/offsec/*.class] to resources [file [/home/raziel/Bureau/offensive seconsole/offsec/target/test-classes/fr/offsec/OffsecApplicationTests.class], file [/home/raziel/Bureau/offensive seconsole/offsec/target/classes/fr/offsec/OffsecApplication.class]]
23:28:30.441 [main] DEBUG org.springframework.context.annotation.ClassPathScanningCandidateComponentProvider - Identified candidate component class: file [/home/raziel/Bureau/offensive seconsole/offsec/target/classes/fr/offsec/OffsecApplication.class]
23:28:30.443 [main] INFO org.springframework.boot.test.context.SpringBootTestContextBootstrapper - Found @SpringBootConfiguration fr.offsec.OffsecApplication for test class fr.offsec.OffsecApplicationTests
23:28:30.450 [main] DEBUG org.springframework.boot.test.context.SpringBootTestContextBootstrapper - @TestExecutionListeners is not present for class [fr.offsec.OffsecApplicationTests]: using defaults.
23:28:30.460 [main] INFO org.springframework.boot.test.context.SpringBootTestContextBootstrapper - Loaded default TestExecutionListener class names from location [META-INF/spring.factories]: [org.springframework.boot.test.mock.mockito.MockitoTestExecutionListener, org.springframework.boot.test.mock.mockito.ResetMocksTestExecutionListener, org.springframework.boot.test.autoconfigure.restdocs.RestDocsTestExecutionListener, org.springframework.boot.test.autoconfigure.web.client.MockRestServiceServerResetTestExecutionListener, org.springframework.boot.test.autoconfigure.web.servlet.MockMvcPrintOnlyOnFailureTestExecutionListener, org.springframework.boot.test.autoconfigure.web.servlet.WebDriverTestExecutionListener, org.springframework.test.context.web.ServletTestExecutionListener, org.springframework.test.context.support.DirtiesContextBeforeModesTestExecutionListener, org.springframework.test.context.support.DependencyInjectionTestExecutionListener, org.springframework.test.context.support.DirtiesContextTestExecutionListener, org.springframework.test.context.transaction.TransactionalTestExecutionListener, org.springframework.test.context.jdbc.SqlScriptsTestExecutionListener]
23:28:30.502 [main] INFO org.springframework.boot.test.context.SpringBootTestContextBootstrapper - Using TestExecutionListeners: [org.springframework.test.context.web.ServletTestExecutionListener@4c60d6e9, org.springframework.test.context.support.DirtiesContextBeforeModesTestExecutionListener@15043a2f, org.springframework.boot.test.mock.mockito.MockitoTestExecutionListener@4a83a74a, org.springframework.boot.test.autoconfigure.SpringBootDependencyInjectionTestExecutionListener@1349883, org.springframework.test.context.support.DirtiesContextTestExecutionListener@4b29d1d2, org.springframework.test.context.transaction.TransactionalTestExecutionListener@7f485fda, org.springframework.test.context.jdbc.SqlScriptsTestExecutionListener@28261e8e, org.springframework.boot.test.mock.mockito.ResetMocksTestExecutionListener@d737b89, org.springframework.boot.test.autoconfigure.restdocs.RestDocsTestExecutionListener@8519cb4, org.springframework.boot.test.autoconfigure.web.client.MockRestServiceServerResetTestExecutionListener@35dab4eb, org.springframework.boot.test.autoconfigure.web.servlet.MockMvcPrintOnlyOnFailureTestExecutionListener@2d901eb0, org.springframework.boot.test.autoconfigure.web.servlet.WebDriverTestExecutionListener@3ba987b8]
23:28:30.526 [main] DEBUG org.springframework.test.annotation.ProfileValueUtils - Retrieved @ProfileValueSourceConfiguration [null] for test class [fr.offsec.OffsecApplicationTests]
23:28:30.527 [main] DEBUG org.springframework.test.annotation.ProfileValueUtils - Retrieved ProfileValueSource type [class org.springframework.test.annotation.SystemProfileValueSource] for class [fr.offsec.OffsecApplicationTests]
]]></system-out>
  </testcase>
</testsuite>